<?xml version="1.0" encoding="UTF-8"?>
<!-- Generated by org.testng.reporters.JUnitXMLReporter -->
<testsuite ignored="0" hostname="DESKTOP-BJ01NN1" failures="1" tests="4" name="Dependency Test" time="0.035" errors="0" timestamp="2020-02-18T17:18:54 EST">
  <testcase classname="testcases.TestCase3" name="doUserReg" time="0.005">
    <failure type="java.lang.AssertionError" message="User not registered successfully">
      <![CDATA[java.lang.AssertionError: User not registered successfully
at testcases.TestCase3.doUserReg(TestCase3.java:13)
at java.base/java.util.ArrayList.forEach(ArrayList.java:1540)
... Removed 28 stack frames]]>
    </failure>
  </testcase> <!-- doUserReg -->
  <testcase classname="testcases.TestCase3" name="doLogin" time="0.0">
    <skipped/>
  </testcase> <!-- doLogin -->
  <testcase classname="testcases.TestCase3" name="thirdTest" time="0.005"/>
  <testcase classname="testcases.TestCase3" name="fourthTest" time="0.0"/>
</testsuite> <!-- Dependency Test -->
