<?xml version="1.0" encoding="UTF-8"?>
<testng-results ignored="0" total="2" passed="2" failed="0" skipped="0">
  <reporter-output>
  </reporter-output>
  <suite started-at="2020-02-19T18:49:51 EST" name="Default suite" finished-at="2020-02-19T18:49:53 EST" duration-ms="2079">
    <groups>
    </groups>
    <test started-at="2020-02-19T18:49:51 EST" name="Default test" finished-at="2020-02-19T18:49:53 EST" duration-ms="2079">
      <class name="parallelTest.TestParallelDP">
        <test-method signature="doLogin(java.lang.String)[pri:0, instance:parallelTest.TestParallelDP@343570b7]" started-at="2020-02-19T18:49:51 EST" name="doLogin" data-provider="getData" finished-at="2020-02-19T18:49:53 EST" duration-ms="2033" status="PASS">
          <params>
            <param index="0">
              <value>
                <![CDATA[chrome]]>
              </value>
            </param>
          </params>
          <reporter-output>
          </reporter-output>
        </test-method> <!-- doLogin -->
        <test-method signature="doLogin(java.lang.String)[pri:0, instance:parallelTest.TestParallelDP@343570b7]" started-at="2020-02-19T18:49:51 EST" name="doLogin" data-provider="getData" finished-at="2020-02-19T18:49:53 EST" duration-ms="2033" status="PASS">
          <params>
            <param index="0">
              <value>
                <![CDATA[firefox]]>
              </value>
            </param>
          </params>
          <reporter-output>
          </reporter-output>
        </test-method> <!-- doLogin -->
      </class> <!-- parallelTest.TestParallelDP -->
    </test> <!-- Default test -->
  </suite> <!-- Default suite -->
</testng-results>
